lagre-->laure-->lauge-->lange-->Tange-->Tanne-->Tenne-->nenne-->nennt
Tasse-->Masse-->Maske-->Macke-->Jacke-->Jacks
Wrack-->Frack-->Frank-->Franz-->Kranz-->Krans-->Urans-->Urals-->Grals-->Grats-->Grate-->brate-->braue-->braut-->traut-->tragt-->trugt-->taugt-->taust-->tatst-->tatet-->taten-->toten-->totes-->Lotes-->Lotos-->Logos-->Logis-->Login
Laube-->taube-->tauge-->lauge-->lange-->Tange-->Tangs-->Talgs-->Tales-->Aales-->Aases-->Asses-->Assen-->essen
loben-->laben-->Waben-->Walen-->Wales-->Walls-->falls-->falle-->walle-->welle
Wiese-->Riese-->Riege-->siege-->singe-->senge-->sende-->wende-->werde-->wurde-->Kurde-->Kurse
kurte-->Gurte-->Gerte-->werte-->weite-->weide-->meide
Holme-->Helme-->Heime-->reime-->reize-->heize-->hetze-->petze-->patze
Pulte-->Pulle-->Polle-->wolle-->welle-->welke-->wecke-->hecke-->hacke-->Lacke-->Lacks-->Lachs-->Bachs-->Buchs
tafle-->takle-->takte-->hakte-->halte-->falte-->falle-->falls-->Balls-->Bills-->Bilds
Pasta-->Paste-->haste-->harte-->warte-->werte-->werbe-->werbt
locht-->lacht-->sacht-->sackt-->packt-->paukt-->paust-->baust-->batst-->batet-->baten-->baren-->barer-->garer
Rates-->Rades-->Hades-->Haies-->Hains-->Haine-->Heine-->Beine-->Beile-->Zeile-->Zelle-->Zille-->Pille
wohle-->wolle-->Polle-->Pille-->Wille
toben-->Roben-->Raben-->Waben-->Walen-->Wales-->Tales-->Talgs-->Tangs-->Tange-->Zange
Gurts-->Gurte-->Gerte-->werte-->werke-->werkt-->wirkt-->winkt-->linkt
Mixer-->fixer-->fixen-->faxen-->faden-->Waden-->Walen-->aalen-->allen-->alten-->arten-->armen-->ahmen-->ahnen-->ihnen-->ihren-->ihrer-->irrer
rangt-->bangt-->balgt-->ballt-->fallt-->falls-->Walls-->Wales-->Walen-->aalen-->allen-->alten-->arten-->armen-->ahmen-->ahnen-->ihnen-->ihren-->irren-->irden-->erden-->enden-->engen-->eigen-->eilen-->edlen-->edlem
links-->linke-->winke-->wirke-->Birke-->Borke
enden-->erden-->irden-->irren-->ihren-->ehren-->euren-->huren-->hupen-->Lupen-->Luken-->Laken-->Laien-->Haien-->Haies-->Hains-->Hahns-->Jahns-->Jahrs-->Jahre-->wahre-->wahrt
spien-->seien-->sehen-->Rehen-->Reben-->Raben-->Waben-->Walen-->aalen-->allen-->alten-->arten-->armen-->atmen
lieht-->liegt-->biegt-->birgt-->bargt-->barst-->batst-->batet-->tatet-->tutet-->mutet
Kiste-->Piste-->Paste-->taste-->taute-->tauge-->taugt-->trugt-->tragt-->trage-->traue-->braue-->brate-->Grate-->Grats-->Grals-->Urals-->Urans-->Krans-->Khans
Tegel-->Hegel-->Hebel-->Heber-->Huber-->Hubes
Nabel-->Babel-->Basel-->Basen-->lasen-->lauen-->lauer-->Bauer
beben-->beten-->baten-->batet-->batst-->baust-->kaust-->kauft-->kaufe
Siebs-->Diebs-->Diebe-->riebe-->riete-->miete-->mixte-->fixte-->faxte-->falte-->falle-->walle
